Building DAG of jobs...
Using shell: /usr/bin/bash
Provided cluster nodes: 80
Job counts:
	count	jobs
	1	all
	48	get_pctid_alnlen
	49

rule get_pctid_alnlen:
    input: /scr1/users/leej39/USDA_RUN22/blast_against_contigs/Neg.1_against_D12.BAF_genes_nucl.fa.blastout
    output: /scr1/users/leej39/USDA_RUN22/pctid_alnlen/Neg.1_against_D12.BAF_genes_nucl.fa.pctid_alnlen
    jobid: 5
    wildcards: sample=Neg.1, contig_name=D12.BAF_genes_nucl.fa


        mkdir -p /scr1/users/leej39/USDA_RUN22/pctid_alnlen
        awk -F"	" '{print $3, $4}' < /scr1/users/leej39/USDA_RUN22/blast_against_contigs/Neg.1_against_D12.BAF_genes_nucl.fa.blastout > /scr1/users/leej39/USDA_RUN22/pctid_alnlen/Neg.1_against_D12.BAF_genes_nucl.fa.pctid_alnlen
        
Submitted job 5 with external jobid 'removed environment variable LD_LIBRARY_PATH from submit environment - it is considered a security issue'.

rule get_pctid_alnlen:
    input: /scr1/users/leej39/USDA_RUN22/blast_against_contigs/D28.BAF_against_D28.BAF_genes_nucl.fa.blastout
    output: /scr1/users/leej39/USDA_RUN22/pctid_alnlen/D28.BAF_against_D28.BAF_genes_nucl.fa.pctid_alnlen
    jobid: 2
    wildcards: sample=D28.BAF, contig_name=D28.BAF_genes_nucl.fa


        mkdir -p /scr1/users/leej39/USDA_RUN22/pctid_alnlen
        awk -F"	" '{print $3, $4}' < /scr1/users/leej39/USDA_RUN22/blast_against_contigs/D28.BAF_against_D28.BAF_genes_nucl.fa.blastout > /scr1/users/leej39/USDA_RUN22/pctid_alnlen/D28.BAF_against_D28.BAF_genes_nucl.fa.pctid_alnlen
        
Submitted job 2 with external jobid 'removed environment variable LD_LIBRARY_PATH from submit environment - it is considered a security issue'.

rule get_pctid_alnlen:
    input: /scr1/users/leej39/USDA_RUN22/blast_against_contigs/Neg.1_against_D27.BAF_genes_nucl.fa.blastout
    output: /scr1/users/leej39/USDA_RUN22/pctid_alnlen/Neg.1_against_D27.BAF_genes_nucl.fa.pctid_alnlen
    jobid: 29
    wildcards: sample=Neg.1, contig_name=D27.BAF_genes_nucl.fa


        mkdir -p /scr1/users/leej39/USDA_RUN22/pctid_alnlen
        awk -F"	" '{print $3, $4}' < /scr1/users/leej39/USDA_RUN22/blast_against_contigs/Neg.1_against_D27.BAF_genes_nucl.fa.blastout > /scr1/users/leej39/USDA_RUN22/pctid_alnlen/Neg.1_against_D27.BAF_genes_nucl.fa.pctid_alnlen
        
Submitted job 29 with external jobid 'removed environment variable LD_LIBRARY_PATH from submit environment - it is considered a security issue'.

rule get_pctid_alnlen:
    input: /scr1/users/leej39/USDA_RUN22/blast_against_contigs/D13.BAF_against_D13.BAF_genes_nucl.fa.blastout
    output: /scr1/users/leej39/USDA_RUN22/pctid_alnlen/D13.BAF_against_D13.BAF_genes_nucl.fa.pctid_alnlen
    jobid: 48
    wildcards: sample=D13.BAF, contig_name=D13.BAF_genes_nucl.fa


        mkdir -p /scr1/users/leej39/USDA_RUN22/pctid_alnlen
        awk -F"	" '{print $3, $4}' < /scr1/users/leej39/USDA_RUN22/blast_against_contigs/D13.BAF_against_D13.BAF_genes_nucl.fa.blastout > /scr1/users/leej39/USDA_RUN22/pctid_alnlen/D13.BAF_against_D13.BAF_genes_nucl.fa.pctid_alnlen
        
Submitted job 48 with external jobid 'removed environment variable LD_LIBRARY_PATH from submit environment - it is considered a security issue'.

rule get_pctid_alnlen:
    input: /scr1/users/leej39/USDA_RUN22/blast_against_contigs/inoculum.penn_against_D13.BAF_genes_nucl.fa.blastout
    output: /scr1/users/leej39/USDA_RUN22/pctid_alnlen/inoculum.penn_against_D13.BAF_genes_nucl.fa.pctid_alnlen
    jobid: 14
    wildcards: sample=inoculum.penn, contig_name=D13.BAF_genes_nucl.fa


        mkdir -p /scr1/users/leej39/USDA_RUN22/pctid_alnlen
        awk -F"	" '{print $3, $4}' < /scr1/users/leej39/USDA_RUN22/blast_against_contigs/inoculum.penn_against_D13.BAF_genes_nucl.fa.blastout > /scr1/users/leej39/USDA_RUN22/pctid_alnlen/inoculum.penn_against_D13.BAF_genes_nucl.fa.pctid_alnlen
        
Submitted job 14 with external jobid 'removed environment variable LD_LIBRARY_PATH from submit environment - it is considered a security issue'.

rule get_pctid_alnlen:
    input: /scr1/users/leej39/USDA_RUN22/blast_against_contigs/D12.BAF_against_D12.BAF_genes_nucl.fa.blastout
    output: /scr1/users/leej39/USDA_RUN22/pctid_alnlen/D12.BAF_against_D12.BAF_genes_nucl.fa.pctid_alnlen
    jobid: 6
    wildcards: sample=D12.BAF, contig_name=D12.BAF_genes_nucl.fa


        mkdir -p /scr1/users/leej39/USDA_RUN22/pctid_alnlen
        awk -F"	" '{print $3, $4}' < /scr1/users/leej39/USDA_RUN22/blast_against_contigs/D12.BAF_against_D12.BAF_genes_nucl.fa.blastout > /scr1/users/leej39/USDA_RUN22/pctid_alnlen/D12.BAF_against_D12.BAF_genes_nucl.fa.pctid_alnlen
        
Submitted job 6 with external jobid 'removed environment variable LD_LIBRARY_PATH from submit environment - it is considered a security issue'.

rule get_pctid_alnlen:
    input: /scr1/users/leej39/USDA_RUN22/blast_against_contigs/D12.BAF_against_D27.BAF_genes_nucl.fa.blastout
    output: /scr1/users/leej39/USDA_RUN22/pctid_alnlen/D12.BAF_against_D27.BAF_genes_nucl.fa.pctid_alnlen
    jobid: 44
    wildcards: sample=D12.BAF, contig_name=D27.BAF_genes_nucl.fa


        mkdir -p /scr1/users/leej39/USDA_RUN22/pctid_alnlen
        awk -F"	" '{print $3, $4}' < /scr1/users/leej39/USDA_RUN22/blast_against_contigs/D12.BAF_against_D27.BAF_genes_nucl.fa.blastout > /scr1/users/leej39/USDA_RUN22/pctid_alnlen/D12.BAF_against_D27.BAF_genes_nucl.fa.pctid_alnlen
        
Submitted job 44 with external jobid 'removed environment variable LD_LIBRARY_PATH from submit environment - it is considered a security issue'.

rule get_pctid_alnlen:
    input: /scr1/users/leej39/USDA_RUN22/blast_against_contigs/D28.BAF_against_D25.BAF_genes_nucl.fa.blastout
    output: /scr1/users/leej39/USDA_RUN22/pctid_alnlen/D28.BAF_against_D25.BAF_genes_nucl.fa.pctid_alnlen
    jobid: 36
    wildcards: sample=D28.BAF, contig_name=D25.BAF_genes_nucl.fa


        mkdir -p /scr1/users/leej39/USDA_RUN22/pctid_alnlen
        awk -F"	" '{print $3, $4}' < /scr1/users/leej39/USDA_RUN22/blast_against_contigs/D28.BAF_against_D25.BAF_genes_nucl.fa.blastout > /scr1/users/leej39/USDA_RUN22/pctid_alnlen/D28.BAF_against_D25.BAF_genes_nucl.fa.pctid_alnlen
        
Submitted job 36 with external jobid 'removed environment variable LD_LIBRARY_PATH from submit environment - it is considered a security issue'.

rule get_pctid_alnlen:
    input: /scr1/users/leej39/USDA_RUN22/blast_against_contigs/inoculum.penn_against_D25.BAF_genes_nucl.fa.blastout
    output: /scr1/users/leej39/USDA_RUN22/pctid_alnlen/inoculum.penn_against_D25.BAF_genes_nucl.fa.pctid_alnlen
    jobid: 12
    wildcards: sample=inoculum.penn, contig_name=D25.BAF_genes_nucl.fa


        mkdir -p /scr1/users/leej39/USDA_RUN22/pctid_alnlen
        awk -F"	" '{print $3, $4}' < /scr1/users/leej39/USDA_RUN22/blast_against_contigs/inoculum.penn_against_D25.BAF_genes_nucl.fa.blastout > /scr1/users/leej39/USDA_RUN22/pctid_alnlen/inoculum.penn_against_D25.BAF_genes_nucl.fa.pctid_alnlen
        
Submitted job 12 with external jobid 'removed environment variable LD_LIBRARY_PATH from submit environment - it is considered a security issue'.

rule get_pctid_alnlen:
    input: /scr1/users/leej39/USDA_RUN22/blast_against_contigs/D28.BAF_against_D13.BAF_genes_nucl.fa.blastout
    output: /scr1/users/leej39/USDA_RUN22/pctid_alnlen/D28.BAF_against_D13.BAF_genes_nucl.fa.pctid_alnlen
    jobid: 22
    wildcards: sample=D28.BAF, contig_name=D13.BAF_genes_nucl.fa


        mkdir -p /scr1/users/leej39/USDA_RUN22/pctid_alnlen
        awk -F"	" '{print $3, $4}' < /scr1/users/leej39/USDA_RUN22/blast_against_contigs/D28.BAF_against_D13.BAF_genes_nucl.fa.blastout > /scr1/users/leej39/USDA_RUN22/pctid_alnlen/D28.BAF_against_D13.BAF_genes_nucl.fa.pctid_alnlen
        
Submitted job 22 with external jobid 'removed environment variable LD_LIBRARY_PATH from submit environment - it is considered a security issue'.

rule get_pctid_alnlen:
    input: /scr1/users/leej39/USDA_RUN22/blast_against_contigs/D13.BAF_against_D28.BAF_genes_nucl.fa.blastout
    output: /scr1/users/leej39/USDA_RUN22/pctid_alnlen/D13.BAF_against_D28.BAF_genes_nucl.fa.pctid_alnlen
    jobid: 37
    wildcards: sample=D13.BAF, contig_name=D28.BAF_genes_nucl.fa


        mkdir -p /scr1/users/leej39/USDA_RUN22/pctid_alnlen
        awk -F"	" '{print $3, $4}' < /scr1/users/leej39/USDA_RUN22/blast_against_contigs/D13.BAF_against_D28.BAF_genes_nucl.fa.blastout > /scr1/users/leej39/USDA_RUN22/pctid_alnlen/D13.BAF_against_D28.BAF_genes_nucl.fa.pctid_alnlen
        
Submitted job 37 with external jobid 'removed environment variable LD_LIBRARY_PATH from submit environment - it is considered a security issue'.

rule get_pctid_alnlen:
    input: /scr1/users/leej39/USDA_RUN22/blast_against_contigs/D25.BAF_against_D27.BAF_genes_nucl.fa.blastout
    output: /scr1/users/leej39/USDA_RUN22/pctid_alnlen/D25.BAF_against_D27.BAF_genes_nucl.fa.pctid_alnlen
    jobid: 38
    wildcards: sample=D25.BAF, contig_name=D27.BAF_genes_nucl.fa


        mkdir -p /scr1/users/leej39/USDA_RUN22/pctid_alnlen
        awk -F"	" '{print $3, $4}' < /scr1/users/leej39/USDA_RUN22/blast_against_contigs/D25.BAF_against_D27.BAF_genes_nucl.fa.blastout > /scr1/users/leej39/USDA_RUN22/pctid_alnlen/D25.BAF_against_D27.BAF_genes_nucl.fa.pctid_alnlen
        
Submitted job 38 with external jobid 'removed environment variable LD_LIBRARY_PATH from submit environment - it is considered a security issue'.

rule get_pctid_alnlen:
    input: /scr1/users/leej39/USDA_RUN22/blast_against_contigs/D13.BAF_against_D25.BAF_genes_nucl.fa.blastout
    output: /scr1/users/leej39/USDA_RUN22/pctid_alnlen/D13.BAF_against_D25.BAF_genes_nucl.fa.pctid_alnlen
    jobid: 30
    wildcards: sample=D13.BAF, contig_name=D25.BAF_genes_nucl.fa


        mkdir -p /scr1/users/leej39/USDA_RUN22/pctid_alnlen
        awk -F"	" '{print $3, $4}' < /scr1/users/leej39/USDA_RUN22/blast_against_contigs/D13.BAF_against_D25.BAF_genes_nucl.fa.blastout > /scr1/users/leej39/USDA_RUN22/pctid_alnlen/D13.BAF_against_D25.BAF_genes_nucl.fa.pctid_alnlen
        
Submitted job 30 with external jobid 'removed environment variable LD_LIBRARY_PATH from submit environment - it is considered a security issue'.

rule get_pctid_alnlen:
    input: /scr1/users/leej39/USDA_RUN22/blast_against_contigs/D25.BAF_against_D12.BAF_genes_nucl.fa.blastout
    output: /scr1/users/leej39/USDA_RUN22/pctid_alnlen/D25.BAF_against_D12.BAF_genes_nucl.fa.pctid_alnlen
    jobid: 47
    wildcards: sample=D25.BAF, contig_name=D12.BAF_genes_nucl.fa


        mkdir -p /scr1/users/leej39/USDA_RUN22/pctid_alnlen
        awk -F"	" '{print $3, $4}' < /scr1/users/leej39/USDA_RUN22/blast_against_contigs/D25.BAF_against_D12.BAF_genes_nucl.fa.blastout > /scr1/users/leej39/USDA_RUN22/pctid_alnlen/D25.BAF_against_D12.BAF_genes_nucl.fa.pctid_alnlen
        
Submitted job 47 with external jobid 'removed environment variable LD_LIBRARY_PATH from submit environment - it is considered a security issue'.

rule get_pctid_alnlen:
    input: /scr1/users/leej39/USDA_RUN22/blast_against_contigs/D14.BMF_against_inoculum.penn_genes_nucl.fa.blastout
    output: /scr1/users/leej39/USDA_RUN22/pctid_alnlen/D14.BMF_against_inoculum.penn_genes_nucl.fa.pctid_alnlen
    jobid: 33
    wildcards: sample=D14.BMF, contig_name=inoculum.penn_genes_nucl.fa


        mkdir -p /scr1/users/leej39/USDA_RUN22/pctid_alnlen
        awk -F"	" '{print $3, $4}' < /scr1/users/leej39/USDA_RUN22/blast_against_contigs/D14.BMF_against_inoculum.penn_genes_nucl.fa.blastout > /scr1/users/leej39/USDA_RUN22/pctid_alnlen/D14.BMF_against_inoculum.penn_genes_nucl.fa.pctid_alnlen
        
Submitted job 33 with external jobid 'removed environment variable LD_LIBRARY_PATH from submit environment - it is considered a security issue'.

rule get_pctid_alnlen:
    input: /scr1/users/leej39/USDA_RUN22/blast_against_contigs/inoculum.penn_against_D28.BAF_genes_nucl.fa.blastout
    output: /scr1/users/leej39/USDA_RUN22/pctid_alnlen/inoculum.penn_against_D28.BAF_genes_nucl.fa.pctid_alnlen
    jobid: 19
    wildcards: sample=inoculum.penn, contig_name=D28.BAF_genes_nucl.fa


        mkdir -p /scr1/users/leej39/USDA_RUN22/pctid_alnlen
        awk -F"	" '{print $3, $4}' < /scr1/users/leej39/USDA_RUN22/blast_against_contigs/inoculum.penn_against_D28.BAF_genes_nucl.fa.blastout > /scr1/users/leej39/USDA_RUN22/pctid_alnlen/inoculum.penn_against_D28.BAF_genes_nucl.fa.pctid_alnlen
        
Submitted job 19 with external jobid 'removed environment variable LD_LIBRARY_PATH from submit environment - it is considered a security issue'.

rule get_pctid_alnlen:
    input: /scr1/users/leej39/USDA_RUN22/blast_against_contigs/D14.BMF_against_D25.BAF_genes_nucl.fa.blastout
    output: /scr1/users/leej39/USDA_RUN22/pctid_alnlen/D14.BMF_against_D25.BAF_genes_nucl.fa.pctid_alnlen
    jobid: 8
    wildcards: sample=D14.BMF, contig_name=D25.BAF_genes_nucl.fa


        mkdir -p /scr1/users/leej39/USDA_RUN22/pctid_alnlen
        awk -F"	" '{print $3, $4}' < /scr1/users/leej39/USDA_RUN22/blast_against_contigs/D14.BMF_against_D25.BAF_genes_nucl.fa.blastout > /scr1/users/leej39/USDA_RUN22/pctid_alnlen/D14.BMF_against_D25.BAF_genes_nucl.fa.pctid_alnlen
        
Submitted job 8 with external jobid 'removed environment variable LD_LIBRARY_PATH from submit environment - it is considered a security issue'.

rule get_pctid_alnlen:
    input: /scr1/users/leej39/USDA_RUN22/blast_against_contigs/D13.BAF_against_inoculum.penn_genes_nucl.fa.blastout
    output: /scr1/users/leej39/USDA_RUN22/pctid_alnlen/D13.BAF_against_inoculum.penn_genes_nucl.fa.pctid_alnlen
    jobid: 35
    wildcards: sample=D13.BAF, contig_name=inoculum.penn_genes_nucl.fa


        mkdir -p /scr1/users/leej39/USDA_RUN22/pctid_alnlen
        awk -F"	" '{print $3, $4}' < /scr1/users/leej39/USDA_RUN22/blast_against_contigs/D13.BAF_against_inoculum.penn_genes_nucl.fa.blastout > /scr1/users/leej39/USDA_RUN22/pctid_alnlen/D13.BAF_against_inoculum.penn_genes_nucl.fa.pctid_alnlen
        
Submitted job 35 with external jobid 'removed environment variable LD_LIBRARY_PATH from submit environment - it is considered a security issue'.

rule get_pctid_alnlen:
    input: /scr1/users/leej39/USDA_RUN22/blast_against_contigs/D14.BMF_against_D28.BAF_genes_nucl.fa.blastout
    output: /scr1/users/leej39/USDA_RUN22/pctid_alnlen/D14.BMF_against_D28.BAF_genes_nucl.fa.pctid_alnlen
    jobid: 46
    wildcards: sample=D14.BMF, contig_name=D28.BAF_genes_nucl.fa


        mkdir -p /scr1/users/leej39/USDA_RUN22/pctid_alnlen
        awk -F"	" '{print $3, $4}' < /scr1/users/leej39/USDA_RUN22/blast_against_contigs/D14.BMF_against_D28.BAF_genes_nucl.fa.blastout > /scr1/users/leej39/USDA_RUN22/pctid_alnlen/D14.BMF_against_D28.BAF_genes_nucl.fa.pctid_alnlen
        
Submitted job 46 with external jobid 'removed environment variable LD_LIBRARY_PATH from submit environment - it is considered a security issue'.

rule get_pctid_alnlen:
    input: /scr1/users/leej39/USDA_RUN22/blast_against_contigs/inoculum.penn_against_inoculum.penn_genes_nucl.fa.blastout
    output: /scr1/users/leej39/USDA_RUN22/pctid_alnlen/inoculum.penn_against_inoculum.penn_genes_nucl.fa.pctid_alnlen
    jobid: 43
    wildcards: sample=inoculum.penn, contig_name=inoculum.penn_genes_nucl.fa


        mkdir -p /scr1/users/leej39/USDA_RUN22/pctid_alnlen
        awk -F"	" '{print $3, $4}' < /scr1/users/leej39/USDA_RUN22/blast_against_contigs/inoculum.penn_against_inoculum.penn_genes_nucl.fa.blastout > /scr1/users/leej39/USDA_RUN22/pctid_alnlen/inoculum.penn_against_inoculum.penn_genes_nucl.fa.pctid_alnlen
        
Submitted job 43 with external jobid 'removed environment variable LD_LIBRARY_PATH from submit environment - it is considered a security issue'.

rule get_pctid_alnlen:
    input: /scr1/users/leej39/USDA_RUN22/blast_against_contigs/D28.BAF_against_inoculum.penn_genes_nucl.fa.blastout
    output: /scr1/users/leej39/USDA_RUN22/pctid_alnlen/D28.BAF_against_inoculum.penn_genes_nucl.fa.pctid_alnlen
    jobid: 41
    wildcards: sample=D28.BAF, contig_name=inoculum.penn_genes_nucl.fa


        mkdir -p /scr1/users/leej39/USDA_RUN22/pctid_alnlen
        awk -F"	" '{print $3, $4}' < /scr1/users/leej39/USDA_RUN22/blast_against_contigs/D28.BAF_against_inoculum.penn_genes_nucl.fa.blastout > /scr1/users/leej39/USDA_RUN22/pctid_alnlen/D28.BAF_against_inoculum.penn_genes_nucl.fa.pctid_alnlen
        
Submitted job 41 with external jobid 'removed environment variable LD_LIBRARY_PATH from submit environment - it is considered a security issue'.

rule get_pctid_alnlen:
    input: /scr1/users/leej39/USDA_RUN22/blast_against_contigs/D14.BMF_against_D13.BAF_genes_nucl.fa.blastout
    output: /scr1/users/leej39/USDA_RUN22/pctid_alnlen/D14.BMF_against_D13.BAF_genes_nucl.fa.pctid_alnlen
    jobid: 13
    wildcards: sample=D14.BMF, contig_name=D13.BAF_genes_nucl.fa


        mkdir -p /scr1/users/leej39/USDA_RUN22/pctid_alnlen
        awk -F"	" '{print $3, $4}' < /scr1/users/leej39/USDA_RUN22/blast_against_contigs/D14.BMF_against_D13.BAF_genes_nucl.fa.blastout > /scr1/users/leej39/USDA_RUN22/pctid_alnlen/D14.BMF_against_D13.BAF_genes_nucl.fa.pctid_alnlen
        
Submitted job 13 with external jobid 'removed environment variable LD_LIBRARY_PATH from submit environment - it is considered a security issue'.

rule get_pctid_alnlen:
    input: /scr1/users/leej39/USDA_RUN22/blast_against_contigs/D27.BAF_against_D12.BAF_genes_nucl.fa.blastout
    output: /scr1/users/leej39/USDA_RUN22/pctid_alnlen/D27.BAF_against_D12.BAF_genes_nucl.fa.pctid_alnlen
    jobid: 4
    wildcards: sample=D27.BAF, contig_name=D12.BAF_genes_nucl.fa


        mkdir -p /scr1/users/leej39/USDA_RUN22/pctid_alnlen
        awk -F"	" '{print $3, $4}' < /scr1/users/leej39/USDA_RUN22/blast_against_contigs/D27.BAF_against_D12.BAF_genes_nucl.fa.blastout > /scr1/users/leej39/USDA_RUN22/pctid_alnlen/D27.BAF_against_D12.BAF_genes_nucl.fa.pctid_alnlen
        
Submitted job 4 with external jobid 'removed environment variable LD_LIBRARY_PATH from submit environment - it is considered a security issue'.

rule get_pctid_alnlen:
    input: /scr1/users/leej39/USDA_RUN22/blast_against_contigs/D27.BAF_against_D27.BAF_genes_nucl.fa.blastout
    output: /scr1/users/leej39/USDA_RUN22/pctid_alnlen/D27.BAF_against_D27.BAF_genes_nucl.fa.pctid_alnlen
    jobid: 1
    wildcards: sample=D27.BAF, contig_name=D27.BAF_genes_nucl.fa


        mkdir -p /scr1/users/leej39/USDA_RUN22/pctid_alnlen
        awk -F"	" '{print $3, $4}' < /scr1/users/leej39/USDA_RUN22/blast_against_contigs/D27.BAF_against_D27.BAF_genes_nucl.fa.blastout > /scr1/users/leej39/USDA_RUN22/pctid_alnlen/D27.BAF_against_D27.BAF_genes_nucl.fa.pctid_alnlen
        
Finished job 5.
1 of 49 steps (2%) done
Finished job 29.
2 of 49 steps (4%) done
Submitted job 1 with external jobid 'removed environment variable LD_LIBRARY_PATH from submit environment - it is considered a security issue'.

rule get_pctid_alnlen:
    input: /scr1/users/leej39/USDA_RUN22/blast_against_contigs/Neg.1_against_D28.BAF_genes_nucl.fa.blastout
    output: /scr1/users/leej39/USDA_RUN22/pctid_alnlen/Neg.1_against_D28.BAF_genes_nucl.fa.pctid_alnlen
    jobid: 31
    wildcards: sample=Neg.1, contig_name=D28.BAF_genes_nucl.fa


        mkdir -p /scr1/users/leej39/USDA_RUN22/pctid_alnlen
        awk -F"	" '{print $3, $4}' < /scr1/users/leej39/USDA_RUN22/blast_against_contigs/Neg.1_against_D28.BAF_genes_nucl.fa.blastout > /scr1/users/leej39/USDA_RUN22/pctid_alnlen/Neg.1_against_D28.BAF_genes_nucl.fa.pctid_alnlen
        
Submitted job 31 with external jobid 'removed environment variable LD_LIBRARY_PATH from submit environment - it is considered a security issue'.

rule get_pctid_alnlen:
    input: /scr1/users/leej39/USDA_RUN22/blast_against_contigs/D12.BAF_against_D25.BAF_genes_nucl.fa.blastout
    output: /scr1/users/leej39/USDA_RUN22/pctid_alnlen/D12.BAF_against_D25.BAF_genes_nucl.fa.pctid_alnlen
    jobid: 20
    wildcards: sample=D12.BAF, contig_name=D25.BAF_genes_nucl.fa


        mkdir -p /scr1/users/leej39/USDA_RUN22/pctid_alnlen
        awk -F"	" '{print $3, $4}' < /scr1/users/leej39/USDA_RUN22/blast_against_contigs/D12.BAF_against_D25.BAF_genes_nucl.fa.blastout > /scr1/users/leej39/USDA_RUN22/pctid_alnlen/D12.BAF_against_D25.BAF_genes_nucl.fa.pctid_alnlen
        
Submitted job 20 with external jobid 'removed environment variable LD_LIBRARY_PATH from submit environment - it is considered a security issue'.

rule get_pctid_alnlen:
    input: /scr1/users/leej39/USDA_RUN22/blast_against_contigs/D28.BAF_against_D27.BAF_genes_nucl.fa.blastout
    output: /scr1/users/leej39/USDA_RUN22/pctid_alnlen/D28.BAF_against_D27.BAF_genes_nucl.fa.pctid_alnlen
    jobid: 40
    wildcards: sample=D28.BAF, contig_name=D27.BAF_genes_nucl.fa


        mkdir -p /scr1/users/leej39/USDA_RUN22/pctid_alnlen
        awk -F"	" '{print $3, $4}' < /scr1/users/leej39/USDA_RUN22/blast_against_contigs/D28.BAF_against_D27.BAF_genes_nucl.fa.blastout > /scr1/users/leej39/USDA_RUN22/pctid_alnlen/D28.BAF_against_D27.BAF_genes_nucl.fa.pctid_alnlen
        
Submitted job 40 with external jobid 'removed environment variable LD_LIBRARY_PATH from submit environment - it is considered a security issue'.

rule get_pctid_alnlen:
    input: /scr1/users/leej39/USDA_RUN22/blast_against_contigs/D28.BAF_against_D12.BAF_genes_nucl.fa.blastout
    output: /scr1/users/leej39/USDA_RUN22/pctid_alnlen/D28.BAF_against_D12.BAF_genes_nucl.fa.pctid_alnlen
    jobid: 39
    wildcards: sample=D28.BAF, contig_name=D12.BAF_genes_nucl.fa


        mkdir -p /scr1/users/leej39/USDA_RUN22/pctid_alnlen
        awk -F"	" '{print $3, $4}' < /scr1/users/leej39/USDA_RUN22/blast_against_contigs/D28.BAF_against_D12.BAF_genes_nucl.fa.blastout > /scr1/users/leej39/USDA_RUN22/pctid_alnlen/D28.BAF_against_D12.BAF_genes_nucl.fa.pctid_alnlen
        
Submitted job 39 with external jobid 'removed environment variable LD_LIBRARY_PATH from submit environment - it is considered a security issue'.

rule get_pctid_alnlen:
    input: /scr1/users/leej39/USDA_RUN22/blast_against_contigs/D12.BAF_against_D28.BAF_genes_nucl.fa.blastout
    output: /scr1/users/leej39/USDA_RUN22/pctid_alnlen/D12.BAF_against_D28.BAF_genes_nucl.fa.pctid_alnlen
    jobid: 7
    wildcards: sample=D12.BAF, contig_name=D28.BAF_genes_nucl.fa


        mkdir -p /scr1/users/leej39/USDA_RUN22/pctid_alnlen
        awk -F"	" '{print $3, $4}' < /scr1/users/leej39/USDA_RUN22/blast_against_contigs/D12.BAF_against_D28.BAF_genes_nucl.fa.blastout > /scr1/users/leej39/USDA_RUN22/pctid_alnlen/D12.BAF_against_D28.BAF_genes_nucl.fa.pctid_alnlen
        
Submitted job 7 with external jobid 'removed environment variable LD_LIBRARY_PATH from submit environment - it is considered a security issue'.

rule get_pctid_alnlen:
    input: /scr1/users/leej39/USDA_RUN22/blast_against_contigs/Neg.1_against_D25.BAF_genes_nucl.fa.blastout
    output: /scr1/users/leej39/USDA_RUN22/pctid_alnlen/Neg.1_against_D25.BAF_genes_nucl.fa.pctid_alnlen
    jobid: 45
    wildcards: sample=Neg.1, contig_name=D25.BAF_genes_nucl.fa


        mkdir -p /scr1/users/leej39/USDA_RUN22/pctid_alnlen
        awk -F"	" '{print $3, $4}' < /scr1/users/leej39/USDA_RUN22/blast_against_contigs/Neg.1_against_D25.BAF_genes_nucl.fa.blastout > /scr1/users/leej39/USDA_RUN22/pctid_alnlen/Neg.1_against_D25.BAF_genes_nucl.fa.pctid_alnlen
        
Submitted job 45 with external jobid 'removed environment variable LD_LIBRARY_PATH from submit environment - it is considered a security issue'.

rule get_pctid_alnlen:
    input: /scr1/users/leej39/USDA_RUN22/blast_against_contigs/D25.BAF_against_D13.BAF_genes_nucl.fa.blastout
    output: /scr1/users/leej39/USDA_RUN22/pctid_alnlen/D25.BAF_against_D13.BAF_genes_nucl.fa.pctid_alnlen
    jobid: 9
    wildcards: sample=D25.BAF, contig_name=D13.BAF_genes_nucl.fa


        mkdir -p /scr1/users/leej39/USDA_RUN22/pctid_alnlen
        awk -F"	" '{print $3, $4}' < /scr1/users/leej39/USDA_RUN22/blast_against_contigs/D25.BAF_against_D13.BAF_genes_nucl.fa.blastout > /scr1/users/leej39/USDA_RUN22/pctid_alnlen/D25.BAF_against_D13.BAF_genes_nucl.fa.pctid_alnlen
        
Submitted job 9 with external jobid 'removed environment variable LD_LIBRARY_PATH from submit environment - it is considered a security issue'.

rule get_pctid_alnlen:
    input: /scr1/users/leej39/USDA_RUN22/blast_against_contigs/D27.BAF_against_inoculum.penn_genes_nucl.fa.blastout
    output: /scr1/users/leej39/USDA_RUN22/pctid_alnlen/D27.BAF_against_inoculum.penn_genes_nucl.fa.pctid_alnlen
    jobid: 32
    wildcards: sample=D27.BAF, contig_name=inoculum.penn_genes_nucl.fa


        mkdir -p /scr1/users/leej39/USDA_RUN22/pctid_alnlen
        awk -F"	" '{print $3, $4}' < /scr1/users/leej39/USDA_RUN22/blast_against_contigs/D27.BAF_against_inoculum.penn_genes_nucl.fa.blastout > /scr1/users/leej39/USDA_RUN22/pctid_alnlen/D27.BAF_against_inoculum.penn_genes_nucl.fa.pctid_alnlen
        
Submitted job 32 with external jobid 'removed environment variable LD_LIBRARY_PATH from submit environment - it is considered a security issue'.

rule get_pctid_alnlen:
    input: /scr1/users/leej39/USDA_RUN22/blast_against_contigs/Neg.1_against_D13.BAF_genes_nucl.fa.blastout
    output: /scr1/users/leej39/USDA_RUN22/pctid_alnlen/Neg.1_against_D13.BAF_genes_nucl.fa.pctid_alnlen
    jobid: 27
    wildcards: sample=Neg.1, contig_name=D13.BAF_genes_nucl.fa


        mkdir -p /scr1/users/leej39/USDA_RUN22/pctid_alnlen
        awk -F"	" '{print $3, $4}' < /scr1/users/leej39/USDA_RUN22/blast_against_contigs/Neg.1_against_D13.BAF_genes_nucl.fa.blastout > /scr1/users/leej39/USDA_RUN22/pctid_alnlen/Neg.1_against_D13.BAF_genes_nucl.fa.pctid_alnlen
        
Submitted job 27 with external jobid 'removed environment variable LD_LIBRARY_PATH from submit environment - it is considered a security issue'.

rule get_pctid_alnlen:
    input: /scr1/users/leej39/USDA_RUN22/blast_against_contigs/D13.BAF_against_D12.BAF_genes_nucl.fa.blastout
    output: /scr1/users/leej39/USDA_RUN22/pctid_alnlen/D13.BAF_against_D12.BAF_genes_nucl.fa.pctid_alnlen
    jobid: 16
    wildcards: sample=D13.BAF, contig_name=D12.BAF_genes_nucl.fa


        mkdir -p /scr1/users/leej39/USDA_RUN22/pctid_alnlen
        awk -F"	" '{print $3, $4}' < /scr1/users/leej39/USDA_RUN22/blast_against_contigs/D13.BAF_against_D12.BAF_genes_nucl.fa.blastout > /scr1/users/leej39/USDA_RUN22/pctid_alnlen/D13.BAF_against_D12.BAF_genes_nucl.fa.pctid_alnlen
        
Submitted job 16 with external jobid 'removed environment variable LD_LIBRARY_PATH from submit environment - it is considered a security issue'.

rule get_pctid_alnlen:
    input: /scr1/users/leej39/USDA_RUN22/blast_against_contigs/D25.BAF_against_D25.BAF_genes_nucl.fa.blastout
    output: /scr1/users/leej39/USDA_RUN22/pctid_alnlen/D25.BAF_against_D25.BAF_genes_nucl.fa.pctid_alnlen
    jobid: 18
    wildcards: sample=D25.BAF, contig_name=D25.BAF_genes_nucl.fa


        mkdir -p /scr1/users/leej39/USDA_RUN22/pctid_alnlen
        awk -F"	" '{print $3, $4}' < /scr1/users/leej39/USDA_RUN22/blast_against_contigs/D25.BAF_against_D25.BAF_genes_nucl.fa.blastout > /scr1/users/leej39/USDA_RUN22/pctid_alnlen/D25.BAF_against_D25.BAF_genes_nucl.fa.pctid_alnlen
        
Submitted job 18 with external jobid 'removed environment variable LD_LIBRARY_PATH from submit environment - it is considered a security issue'.

rule get_pctid_alnlen:
    input: /scr1/users/leej39/USDA_RUN22/blast_against_contigs/D13.BAF_against_D27.BAF_genes_nucl.fa.blastout
    output: /scr1/users/leej39/USDA_RUN22/pctid_alnlen/D13.BAF_against_D27.BAF_genes_nucl.fa.pctid_alnlen
    jobid: 34
    wildcards: sample=D13.BAF, contig_name=D27.BAF_genes_nucl.fa


        mkdir -p /scr1/users/leej39/USDA_RUN22/pctid_alnlen
        awk -F"	" '{print $3, $4}' < /scr1/users/leej39/USDA_RUN22/blast_against_contigs/D13.BAF_against_D27.BAF_genes_nucl.fa.blastout > /scr1/users/leej39/USDA_RUN22/pctid_alnlen/D13.BAF_against_D27.BAF_genes_nucl.fa.pctid_alnlen
        
Submitted job 34 with external jobid 'removed environment variable LD_LIBRARY_PATH from submit environment - it is considered a security issue'.

rule get_pctid_alnlen:
    input: /scr1/users/leej39/USDA_RUN22/blast_against_contigs/inoculum.penn_against_D27.BAF_genes_nucl.fa.blastout
    output: /scr1/users/leej39/USDA_RUN22/pctid_alnlen/inoculum.penn_against_D27.BAF_genes_nucl.fa.pctid_alnlen
    jobid: 11
    wildcards: sample=inoculum.penn, contig_name=D27.BAF_genes_nucl.fa


        mkdir -p /scr1/users/leej39/USDA_RUN22/pctid_alnlen
        awk -F"	" '{print $3, $4}' < /scr1/users/leej39/USDA_RUN22/blast_against_contigs/inoculum.penn_against_D27.BAF_genes_nucl.fa.blastout > /scr1/users/leej39/USDA_RUN22/pctid_alnlen/inoculum.penn_against_D27.BAF_genes_nucl.fa.pctid_alnlen
        
Submitted job 11 with external jobid 'removed environment variable LD_LIBRARY_PATH from submit environment - it is considered a security issue'.

rule get_pctid_alnlen:
    input: /scr1/users/leej39/USDA_RUN22/blast_against_contigs/inoculum.penn_against_D12.BAF_genes_nucl.fa.blastout
    output: /scr1/users/leej39/USDA_RUN22/pctid_alnlen/inoculum.penn_against_D12.BAF_genes_nucl.fa.pctid_alnlen
    jobid: 26
    wildcards: sample=inoculum.penn, contig_name=D12.BAF_genes_nucl.fa


        mkdir -p /scr1/users/leej39/USDA_RUN22/pctid_alnlen
        awk -F"	" '{print $3, $4}' < /scr1/users/leej39/USDA_RUN22/blast_against_contigs/inoculum.penn_against_D12.BAF_genes_nucl.fa.blastout > /scr1/users/leej39/USDA_RUN22/pctid_alnlen/inoculum.penn_against_D12.BAF_genes_nucl.fa.pctid_alnlen
        
Submitted job 26 with external jobid 'removed environment variable LD_LIBRARY_PATH from submit environment - it is considered a security issue'.

rule get_pctid_alnlen:
    input: /scr1/users/leej39/USDA_RUN22/blast_against_contigs/D12.BAF_against_D13.BAF_genes_nucl.fa.blastout
    output: /scr1/users/leej39/USDA_RUN22/pctid_alnlen/D12.BAF_against_D13.BAF_genes_nucl.fa.pctid_alnlen
    jobid: 17
    wildcards: sample=D12.BAF, contig_name=D13.BAF_genes_nucl.fa


        mkdir -p /scr1/users/leej39/USDA_RUN22/pctid_alnlen
        awk -F"	" '{print $3, $4}' < /scr1/users/leej39/USDA_RUN22/blast_against_contigs/D12.BAF_against_D13.BAF_genes_nucl.fa.blastout > /scr1/users/leej39/USDA_RUN22/pctid_alnlen/D12.BAF_against_D13.BAF_genes_nucl.fa.pctid_alnlen
        
Submitted job 17 with external jobid 'removed environment variable LD_LIBRARY_PATH from submit environment - it is considered a security issue'.

rule get_pctid_alnlen:
    input: /scr1/users/leej39/USDA_RUN22/blast_against_contigs/D25.BAF_against_D28.BAF_genes_nucl.fa.blastout
    output: /scr1/users/leej39/USDA_RUN22/pctid_alnlen/D25.BAF_against_D28.BAF_genes_nucl.fa.pctid_alnlen
    jobid: 21
    wildcards: sample=D25.BAF, contig_name=D28.BAF_genes_nucl.fa


        mkdir -p /scr1/users/leej39/USDA_RUN22/pctid_alnlen
        awk -F"	" '{print $3, $4}' < /scr1/users/leej39/USDA_RUN22/blast_against_contigs/D25.BAF_against_D28.BAF_genes_nucl.fa.blastout > /scr1/users/leej39/USDA_RUN22/pctid_alnlen/D25.BAF_against_D28.BAF_genes_nucl.fa.pctid_alnlen
        
Submitted job 21 with external jobid 'removed environment variable LD_LIBRARY_PATH from submit environment - it is considered a security issue'.

rule get_pctid_alnlen:
    input: /scr1/users/leej39/USDA_RUN22/blast_against_contigs/D14.BMF_against_D12.BAF_genes_nucl.fa.blastout
    output: /scr1/users/leej39/USDA_RUN22/pctid_alnlen/D14.BMF_against_D12.BAF_genes_nucl.fa.pctid_alnlen
    jobid: 23
    wildcards: sample=D14.BMF, contig_name=D12.BAF_genes_nucl.fa


        mkdir -p /scr1/users/leej39/USDA_RUN22/pctid_alnlen
        awk -F"	" '{print $3, $4}' < /scr1/users/leej39/USDA_RUN22/blast_against_contigs/D14.BMF_against_D12.BAF_genes_nucl.fa.blastout > /scr1/users/leej39/USDA_RUN22/pctid_alnlen/D14.BMF_against_D12.BAF_genes_nucl.fa.pctid_alnlen
        
Submitted job 23 with external jobid 'removed environment variable LD_LIBRARY_PATH from submit environment - it is considered a security issue'.

rule get_pctid_alnlen:
    input: /scr1/users/leej39/USDA_RUN22/blast_against_contigs/D27.BAF_against_D13.BAF_genes_nucl.fa.blastout
    output: /scr1/users/leej39/USDA_RUN22/pctid_alnlen/D27.BAF_against_D13.BAF_genes_nucl.fa.pctid_alnlen
    jobid: 15
    wildcards: sample=D27.BAF, contig_name=D13.BAF_genes_nucl.fa


        mkdir -p /scr1/users/leej39/USDA_RUN22/pctid_alnlen
        awk -F"	" '{print $3, $4}' < /scr1/users/leej39/USDA_RUN22/blast_against_contigs/D27.BAF_against_D13.BAF_genes_nucl.fa.blastout > /scr1/users/leej39/USDA_RUN22/pctid_alnlen/D27.BAF_against_D13.BAF_genes_nucl.fa.pctid_alnlen
        
Submitted job 15 with external jobid 'removed environment variable LD_LIBRARY_PATH from submit environment - it is considered a security issue'.

rule get_pctid_alnlen:
    input: /scr1/users/leej39/USDA_RUN22/blast_against_contigs/D14.BMF_against_D27.BAF_genes_nucl.fa.blastout
    output: /scr1/users/leej39/USDA_RUN22/pctid_alnlen/D14.BMF_against_D27.BAF_genes_nucl.fa.pctid_alnlen
    jobid: 25
    wildcards: sample=D14.BMF, contig_name=D27.BAF_genes_nucl.fa


        mkdir -p /scr1/users/leej39/USDA_RUN22/pctid_alnlen
        awk -F"	" '{print $3, $4}' < /scr1/users/leej39/USDA_RUN22/blast_against_contigs/D14.BMF_against_D27.BAF_genes_nucl.fa.blastout > /scr1/users/leej39/USDA_RUN22/pctid_alnlen/D14.BMF_against_D27.BAF_genes_nucl.fa.pctid_alnlen
        
Submitted job 25 with external jobid 'removed environment variable LD_LIBRARY_PATH from submit environment - it is considered a security issue'.

rule get_pctid_alnlen:
    input: /scr1/users/leej39/USDA_RUN22/blast_against_contigs/D25.BAF_against_inoculum.penn_genes_nucl.fa.blastout
    output: /scr1/users/leej39/USDA_RUN22/pctid_alnlen/D25.BAF_against_inoculum.penn_genes_nucl.fa.pctid_alnlen
    jobid: 10
    wildcards: sample=D25.BAF, contig_name=inoculum.penn_genes_nucl.fa


        mkdir -p /scr1/users/leej39/USDA_RUN22/pctid_alnlen
        awk -F"	" '{print $3, $4}' < /scr1/users/leej39/USDA_RUN22/blast_against_contigs/D25.BAF_against_inoculum.penn_genes_nucl.fa.blastout > /scr1/users/leej39/USDA_RUN22/pctid_alnlen/D25.BAF_against_inoculum.penn_genes_nucl.fa.pctid_alnlen
        
Submitted job 10 with external jobid 'removed environment variable LD_LIBRARY_PATH from submit environment - it is considered a security issue'.

rule get_pctid_alnlen:
    input: /scr1/users/leej39/USDA_RUN22/blast_against_contigs/D27.BAF_against_D25.BAF_genes_nucl.fa.blastout
    output: /scr1/users/leej39/USDA_RUN22/pctid_alnlen/D27.BAF_against_D25.BAF_genes_nucl.fa.pctid_alnlen
    jobid: 42
    wildcards: sample=D27.BAF, contig_name=D25.BAF_genes_nucl.fa


        mkdir -p /scr1/users/leej39/USDA_RUN22/pctid_alnlen
        awk -F"	" '{print $3, $4}' < /scr1/users/leej39/USDA_RUN22/blast_against_contigs/D27.BAF_against_D25.BAF_genes_nucl.fa.blastout > /scr1/users/leej39/USDA_RUN22/pctid_alnlen/D27.BAF_against_D25.BAF_genes_nucl.fa.pctid_alnlen
        
Submitted job 42 with external jobid 'removed environment variable LD_LIBRARY_PATH from submit environment - it is considered a security issue'.

rule get_pctid_alnlen:
    input: /scr1/users/leej39/USDA_RUN22/blast_against_contigs/Neg.1_against_inoculum.penn_genes_nucl.fa.blastout
    output: /scr1/users/leej39/USDA_RUN22/pctid_alnlen/Neg.1_against_inoculum.penn_genes_nucl.fa.pctid_alnlen
    jobid: 24
    wildcards: sample=Neg.1, contig_name=inoculum.penn_genes_nucl.fa


        mkdir -p /scr1/users/leej39/USDA_RUN22/pctid_alnlen
        awk -F"	" '{print $3, $4}' < /scr1/users/leej39/USDA_RUN22/blast_against_contigs/Neg.1_against_inoculum.penn_genes_nucl.fa.blastout > /scr1/users/leej39/USDA_RUN22/pctid_alnlen/Neg.1_against_inoculum.penn_genes_nucl.fa.pctid_alnlen
        
Submitted job 24 with external jobid 'removed environment variable LD_LIBRARY_PATH from submit environment - it is considered a security issue'.

rule get_pctid_alnlen:
    input: /scr1/users/leej39/USDA_RUN22/blast_against_contigs/D12.BAF_against_inoculum.penn_genes_nucl.fa.blastout
    output: /scr1/users/leej39/USDA_RUN22/pctid_alnlen/D12.BAF_against_inoculum.penn_genes_nucl.fa.pctid_alnlen
    jobid: 3
    wildcards: sample=D12.BAF, contig_name=inoculum.penn_genes_nucl.fa


        mkdir -p /scr1/users/leej39/USDA_RUN22/pctid_alnlen
        awk -F"	" '{print $3, $4}' < /scr1/users/leej39/USDA_RUN22/blast_against_contigs/D12.BAF_against_inoculum.penn_genes_nucl.fa.blastout > /scr1/users/leej39/USDA_RUN22/pctid_alnlen/D12.BAF_against_inoculum.penn_genes_nucl.fa.pctid_alnlen
        
Submitted job 3 with external jobid 'removed environment variable LD_LIBRARY_PATH from submit environment - it is considered a security issue'.

rule get_pctid_alnlen:
    input: /scr1/users/leej39/USDA_RUN22/blast_against_contigs/D27.BAF_against_D28.BAF_genes_nucl.fa.blastout
    output: /scr1/users/leej39/USDA_RUN22/pctid_alnlen/D27.BAF_against_D28.BAF_genes_nucl.fa.pctid_alnlen
    jobid: 28
    wildcards: sample=D27.BAF, contig_name=D28.BAF_genes_nucl.fa


        mkdir -p /scr1/users/leej39/USDA_RUN22/pctid_alnlen
        awk -F"	" '{print $3, $4}' < /scr1/users/leej39/USDA_RUN22/blast_against_contigs/D27.BAF_against_D28.BAF_genes_nucl.fa.blastout > /scr1/users/leej39/USDA_RUN22/pctid_alnlen/D27.BAF_against_D28.BAF_genes_nucl.fa.pctid_alnlen
        
Submitted job 28 with external jobid 'removed environment variable LD_LIBRARY_PATH from submit environment - it is considered a security issue'.
Finished job 31.
3 of 49 steps (6%) done
Finished job 45.
4 of 49 steps (8%) done
Finished job 12.
5 of 49 steps (10%) done
Finished job 19.
6 of 49 steps (12%) done
Finished job 43.
7 of 49 steps (14%) done
Finished job 27.
8 of 49 steps (16%) done
Finished job 11.
9 of 49 steps (18%) done
Finished job 24.
10 of 49 steps (20%) done
Finished job 1.
11 of 49 steps (22%) done
Finished job 9.
12 of 49 steps (24%) done
Finished job 2.
13 of 49 steps (27%) done
Finished job 48.
14 of 49 steps (29%) done
Finished job 14.
15 of 49 steps (31%) done
Finished job 36.
16 of 49 steps (33%) done
Finished job 22.
17 of 49 steps (35%) done
Finished job 37.
18 of 49 steps (37%) done
Finished job 38.
19 of 49 steps (39%) done
Finished job 30.
20 of 49 steps (41%) done
Finished job 47.
21 of 49 steps (43%) done
Finished job 35.
22 of 49 steps (45%) done
Finished job 41.
23 of 49 steps (47%) done
Finished job 4.
24 of 49 steps (49%) done
Finished job 32.
25 of 49 steps (51%) done
Finished job 18.
26 of 49 steps (53%) done
Finished job 26.
27 of 49 steps (55%) done
Finished job 21.
28 of 49 steps (57%) done
Finished job 15.
29 of 49 steps (59%) done
Finished job 10.
30 of 49 steps (61%) done
Finished job 20.
31 of 49 steps (63%) done
Finished job 40.
32 of 49 steps (65%) done
Finished job 39.
33 of 49 steps (67%) done
Finished job 7.
34 of 49 steps (69%) done
Finished job 6.
35 of 49 steps (71%) done
Finished job 44.
36 of 49 steps (73%) done
Finished job 33.
37 of 49 steps (76%) done
Finished job 8.
38 of 49 steps (78%) done
Finished job 46.
39 of 49 steps (80%) done
Finished job 13.
40 of 49 steps (82%) done
Finished job 16.
41 of 49 steps (84%) done
Finished job 34.
42 of 49 steps (86%) done
Finished job 17.
43 of 49 steps (88%) done
Finished job 25.
44 of 49 steps (90%) done
Finished job 42.
45 of 49 steps (92%) done
Finished job 3.
46 of 49 steps (94%) done
Finished job 28.
47 of 49 steps (96%) done
Finished job 23.
48 of 49 steps (98%) done

localrule all:
    input: /scr1/users/leej39/USDA_RUN22/pctid_alnlen/inoculum.penn_against_D28.BAF_genes_nucl.fa.pctid_alnlen, /scr1/users/leej39/USDA_RUN22/pctid_alnlen/inoculum.penn_against_D12.BAF_genes_nucl.fa.pctid_alnlen, /scr1/users/leej39/USDA_RUN22/pctid_alnlen/inoculum.penn_against_D25.BAF_genes_nucl.fa.pctid_alnlen, /scr1/users/leej39/USDA_RUN22/pctid_alnlen/inoculum.penn_against_inoculum.penn_genes_nucl.fa.pctid_alnlen, /scr1/users/leej39/USDA_RUN22/pctid_alnlen/inoculum.penn_against_D27.BAF_genes_nucl.fa.pctid_alnlen, /scr1/users/leej39/USDA_RUN22/pctid_alnlen/inoculum.penn_against_D13.BAF_genes_nucl.fa.pctid_alnlen, /scr1/users/leej39/USDA_RUN22/pctid_alnlen/D12.BAF_against_D28.BAF_genes_nucl.fa.pctid_alnlen, /scr1/users/leej39/USDA_RUN22/pctid_alnlen/D12.BAF_against_D12.BAF_genes_nucl.fa.pctid_alnlen, /scr1/users/leej39/USDA_RUN22/pctid_alnlen/D12.BAF_against_D25.BAF_genes_nucl.fa.pctid_alnlen, /scr1/users/leej39/USDA_RUN22/pctid_alnlen/D12.BAF_against_inoculum.penn_genes_nucl.fa.pctid_alnlen, /scr1/users/leej39/USDA_RUN22/pctid_alnlen/D12.BAF_against_D27.BAF_genes_nucl.fa.pctid_alnlen, /scr1/users/leej39/USDA_RUN22/pctid_alnlen/D12.BAF_against_D13.BAF_genes_nucl.fa.pctid_alnlen, /scr1/users/leej39/USDA_RUN22/pctid_alnlen/D13.BAF_against_D28.BAF_genes_nucl.fa.pctid_alnlen, /scr1/users/leej39/USDA_RUN22/pctid_alnlen/D13.BAF_against_D12.BAF_genes_nucl.fa.pctid_alnlen, /scr1/users/leej39/USDA_RUN22/pctid_alnlen/D13.BAF_against_D25.BAF_genes_nucl.fa.pctid_alnlen, /scr1/users/leej39/USDA_RUN22/pctid_alnlen/D13.BAF_against_inoculum.penn_genes_nucl.fa.pctid_alnlen, /scr1/users/leej39/USDA_RUN22/pctid_alnlen/D13.BAF_against_D27.BAF_genes_nucl.fa.pctid_alnlen, /scr1/users/leej39/USDA_RUN22/pctid_alnlen/D13.BAF_against_D13.BAF_genes_nucl.fa.pctid_alnlen, /scr1/users/leej39/USDA_RUN22/pctid_alnlen/D14.BMF_against_D28.BAF_genes_nucl.fa.pctid_alnlen, /scr1/users/leej39/USDA_RUN22/pctid_alnlen/D14.BMF_against_D12.BAF_genes_nucl.fa.pctid_alnlen, /scr1/users/leej39/USDA_RUN22/pctid_alnlen/D14.BMF_against_D25.BAF_genes_nucl.fa.pctid_alnlen, /scr1/users/leej39/USDA_RUN22/pctid_alnlen/D14.BMF_against_inoculum.penn_genes_nucl.fa.pctid_alnlen, /scr1/users/leej39/USDA_RUN22/pctid_alnlen/D14.BMF_against_D27.BAF_genes_nucl.fa.pctid_alnlen, /scr1/users/leej39/USDA_RUN22/pctid_alnlen/D14.BMF_against_D13.BAF_genes_nucl.fa.pctid_alnlen, /scr1/users/leej39/USDA_RUN22/pctid_alnlen/D25.BAF_against_D28.BAF_genes_nucl.fa.pctid_alnlen, /scr1/users/leej39/USDA_RUN22/pctid_alnlen/D25.BAF_against_D12.BAF_genes_nucl.fa.pctid_alnlen, /scr1/users/leej39/USDA_RUN22/pctid_alnlen/D25.BAF_against_D25.BAF_genes_nucl.fa.pctid_alnlen, /scr1/users/leej39/USDA_RUN22/pctid_alnlen/D25.BAF_against_inoculum.penn_genes_nucl.fa.pctid_alnlen, /scr1/users/leej39/USDA_RUN22/pctid_alnlen/D25.BAF_against_D27.BAF_genes_nucl.fa.pctid_alnlen, /scr1/users/leej39/USDA_RUN22/pctid_alnlen/D25.BAF_against_D13.BAF_genes_nucl.fa.pctid_alnlen, /scr1/users/leej39/USDA_RUN22/pctid_alnlen/D27.BAF_against_D28.BAF_genes_nucl.fa.pctid_alnlen, /scr1/users/leej39/USDA_RUN22/pctid_alnlen/D27.BAF_against_D12.BAF_genes_nucl.fa.pctid_alnlen, /scr1/users/leej39/USDA_RUN22/pctid_alnlen/D27.BAF_against_D25.BAF_genes_nucl.fa.pctid_alnlen, /scr1/users/leej39/USDA_RUN22/pctid_alnlen/D27.BAF_against_inoculum.penn_genes_nucl.fa.pctid_alnlen, /scr1/users/leej39/USDA_RUN22/pctid_alnlen/D27.BAF_against_D27.BAF_genes_nucl.fa.pctid_alnlen, /scr1/users/leej39/USDA_RUN22/pctid_alnlen/D27.BAF_against_D13.BAF_genes_nucl.fa.pctid_alnlen, /scr1/users/leej39/USDA_RUN22/pctid_alnlen/D28.BAF_against_D28.BAF_genes_nucl.fa.pctid_alnlen, /scr1/users/leej39/USDA_RUN22/pctid_alnlen/D28.BAF_against_D12.BAF_genes_nucl.fa.pctid_alnlen, /scr1/users/leej39/USDA_RUN22/pctid_alnlen/D28.BAF_against_D25.BAF_genes_nucl.fa.pctid_alnlen, /scr1/users/leej39/USDA_RUN22/pctid_alnlen/D28.BAF_against_inoculum.penn_genes_nucl.fa.pctid_alnlen, /scr1/users/leej39/USDA_RUN22/pctid_alnlen/D28.BAF_against_D27.BAF_genes_nucl.fa.pctid_alnlen, /scr1/users/leej39/USDA_RUN22/pctid_alnlen/D28.BAF_against_D13.BAF_genes_nucl.fa.pctid_alnlen, /scr1/users/leej39/USDA_RUN22/pctid_alnlen/Neg.1_against_D28.BAF_genes_nucl.fa.pctid_alnlen, /scr1/users/leej39/USDA_RUN22/pctid_alnlen/Neg.1_against_D12.BAF_genes_nucl.fa.pctid_alnlen, /scr1/users/leej39/USDA_RUN22/pctid_alnlen/Neg.1_against_D25.BAF_genes_nucl.fa.pctid_alnlen, /scr1/users/leej39/USDA_RUN22/pctid_alnlen/Neg.1_against_inoculum.penn_genes_nucl.fa.pctid_alnlen, /scr1/users/leej39/USDA_RUN22/pctid_alnlen/Neg.1_against_D27.BAF_genes_nucl.fa.pctid_alnlen, /scr1/users/leej39/USDA_RUN22/pctid_alnlen/Neg.1_against_D13.BAF_genes_nucl.fa.pctid_alnlen
    jobid: 0

Finished job 0.
49 of 49 steps (100%) done
Shutting down, this might take some time.
Complete log: /home/leej39/RNAseq_analysis/.snakemake/log/2018-12-19T081256.621968.snakemake.log
mail -s 'Workflow finished successfully' junglee0713@gmail.com < /home/leej39/RNAseq_analysis/.snakemake/log/2018-12-19T081256.621968.snakemake.log
